  Entity.cpp
C:\Users\drago\source\repos\Lunar-Lander-Clone\Lunar-Lander-Clone\Entity.h(87,55): warning C4244: 'return': conversion from 'const float' to 'const int', possible loss of data
C:\Users\drago\source\repos\Lunar-Lander-Clone\Lunar-Lander-Clone\Entity.h(88,55): warning C4244: 'return': conversion from 'const float' to 'const int', possible loss of data
C:\Users\drago\source\repos\Lunar-Lander-Clone\Lunar-Lander-Clone\Entity.cpp(129,25): warning C4244: '-=': conversion from 'double' to 'T', possible loss of data
          with
          [
              T=float
          ]
C:\Users\drago\source\repos\Lunar-Lander-Clone\Lunar-Lander-Clone\Entity.cpp(131,29): warning C4244: '-=': conversion from 'double' to 'T', possible loss of data
          with
          [
              T=float
          ]
C:\Users\drago\source\repos\Lunar-Lander-Clone\Lunar-Lander-Clone\Entity.cpp(134,29): warning C4244: '+=': conversion from 'double' to 'T', possible loss of data
          with
          [
              T=float
          ]
  main.cpp
C:\Users\drago\source\repos\Lunar-Lander-Clone\Lunar-Lander-Clone\Entity.h(87,55): warning C4244: 'return': conversion from 'const float' to 'const int', possible loss of data
C:\Users\drago\source\repos\Lunar-Lander-Clone\Lunar-Lander-Clone\Entity.h(88,55): warning C4244: 'return': conversion from 'const float' to 'const int', possible loss of data
C:\Users\drago\source\repos\Lunar-Lander-Clone\Lunar-Lander-Clone\main.cpp(177,36): warning C4244: 'argument': conversion from 'double' to 'int', possible loss of data
C:\Users\drago\source\repos\Lunar-Lander-Clone\Lunar-Lander-Clone\main.cpp(307,32): warning C4305: 'argument': truncation from 'double' to 'float'
C:\Users\drago\source\repos\Lunar-Lander-Clone\Lunar-Lander-Clone\main.cpp(312,33): warning C4305: 'argument': truncation from 'double' to 'float'
  Generating Code...
  Lunar-Lander-Clone.vcxproj -> C:\Users\drago\source\repos\Lunar-Lander-Clone\Lunar-Lander-Clone\Debug\Lunar-Lander-Clone.exe
